d:\develop\algorithm_2019\algorithm_2019\debug\vc141.pdb
d:\develop\algorithm_2019\algorithm_2019\debug\vc141.idb
d:\develop\algorithm_2019\algorithm_2019\debug\2014_소수의_곱.obj
d:\develop\algorithm_2019\algorithm_2019\debug\11571_분수를_소수로.obj
d:\develop\algorithm_2019\algorithm_2019\debug\소스1.obj
d:\develop\algorithm_2019\algorithm_2019\debug\1179_마지막_조세퍼스_문제.obj
d:\develop\algorithm_2019\algorithm_2019\debug\16933_벽_부수고_이동하기_3.obj
d:\develop\algorithm_2019\algorithm_2019\debug\c.obj
d:\develop\algorithm_2019\algorithm_2019\debug\15966_군계일학.obj
d:\develop\algorithm_2019\algorithm_2019\debug\2137_가장_가까운_분소.obj
d:\develop\algorithm_2019\algorithm_2019\debug\14565_역원(inverse)_구하기.obj
d:\develop\algorithm_2019\algorithm_2019\debug\14476_최대공약수_하나_빼기.obj
d:\develop\algorithm_2019\algorithm_2019\debug\15966_군계일학.obj.enc
d:\develop\algorithm_2019\algorithm_2019\debug\2014_소수의_곱.obj.enc
d:\develop\algorithm_2019\debug\algorithm_2019.pdb
d:\develop\algorithm_2019\debug\algorithm_2019.exe
d:\develop\algorithm_2019\debug\algorithm_2019.ilk
d:\develop\algorithm_2019\algorithm_2019\debug\algorithm_2019.tlog\cl.command.1.tlog
d:\develop\algorithm_2019\algorithm_2019\debug\algorithm_2019.tlog\cl.read.1.tlog
d:\develop\algorithm_2019\algorithm_2019\debug\algorithm_2019.tlog\cl.write.1.tlog
d:\develop\algorithm_2019\algorithm_2019\debug\algorithm_2019.tlog\link.command.1.tlog
d:\develop\algorithm_2019\algorithm_2019\debug\algorithm_2019.tlog\link.read.1.tlog
d:\develop\algorithm_2019\algorithm_2019\debug\algorithm_2019.tlog\link.write.1.tlog
